{
  "RSpec": {
    "coverage": {
      "/Users/oscars/repaso/mod_2/music_setlist_3000/config/environment.rb": {
        "lines": [
          null,
          1,
          null,
          null,
          1
        ]
      },
      "/Users/oscars/repaso/mod_2/music_setlist_3000/config/application.rb": {
        "lines": [
          1,
          null,
          1,
          null,
          1,
          1,
          1,
          1,
          1,
          1,
          1,
          1,
          1,
          1,
          null,
          null,
          null,
          null,
          1,
          null,
          1,
          1,
          null,
          1,
          null,
          null,
          null,
          null,
          null,
          null,
          null,
          null,
          null,
          null,
          1,
          null,
          null
        ]
      },
      "/Users/oscars/repaso/mod_2/music_setlist_3000/config/boot.rb": {
        "lines": [
          1,
          null,
          1,
          1
        ]
      },
      "/Users/oscars/repaso/mod_2/music_setlist_3000/config/environments/test.rb": {
        "lines": [
          1,
          null,
          null,
          null,
          null,
          null,
          null,
          1,
          null,
          null,
          null,
          1,
          null,
          null,
          null,
          null,
          1,
          null,
          null,
          1,
          1,
          null,
          null,
          null,
          null,
          1,
          1,
          1,
          null,
          null,
          1,
          null,
          null,
          1,
          null,
          null,
          1,
          null,
          1,
          null,
          null,
          null,
          null,
          1,
          null,
          null,
          1,
          null,
          null,
          1,
          null,
          null,
          1,
          null,
          null,
          null,
          null,
          null,
          null,
          null
        ]
      },
      "/Users/oscars/repaso/mod_2/music_setlist_3000/config/initializers/assets.rb": {
        "lines": [
          null,
          null,
          null,
          1,
          null,
          null,
          null,
          null,
          null,
          null,
          null,
          null
        ]
      },
      "/Users/oscars/repaso/mod_2/music_setlist_3000/config/initializers/content_security_policy.rb": {
        "lines": [
          null,
          null,
          null,
          null,
          null,
          null,
          null,
          null,
          null,
          null,
          null,
          null,
          null,
          null,
          null,
          null,
          null,
          null,
          null,
          null,
          null,
          null,
          null,
          null,
          null
        ]
      },
      "/Users/oscars/repaso/mod_2/music_setlist_3000/config/initializers/filter_parameter_logging.rb": {
        "lines": [
          null,
          null,
          null,
          null,
          null,
          1,
          null,
          null
        ]
      },
      "/Users/oscars/repaso/mod_2/music_setlist_3000/config/initializers/inflections.rb": {
        "lines": [
          null,
          null,
          null,
          null,
          null,
          null,
          null,
          null,
          null,
          null,
          null,
          null,
          null,
          null,
          null,
          null
        ]
      },
      "/Users/oscars/repaso/mod_2/music_setlist_3000/config/initializers/permissions_policy.rb": {
        "lines": [
          null,
          null,
          null,
          null,
          null,
          null,
          null,
          null,
          null,
          null,
          null
        ]
      },
      "/Users/oscars/repaso/mod_2/music_setlist_3000/config/routes.rb": {
        "lines": [
          1,
          null,
          null,
          null,
          null,
          null,
          1,
          1,
          null,
          1,
          null
        ]
      },
      "/Users/oscars/repaso/mod_2/music_setlist_3000/app/helpers/application_helper.rb": {
        "lines": [
          1,
          null
        ]
      },
      "/Users/oscars/repaso/mod_2/music_setlist_3000/spec/features/songs/show_spec.rb": {
        "lines": [
          1,
          null,
          null,
          null,
          null,
          null,
          null,
          1,
          1,
          1,
          1,
          1,
          null,
          1,
          null,
          1,
          1,
          null,
          null,
          1,
          1,
          1,
          1,
          null,
          1,
          null,
          1,
          null,
          null,
          null,
          null
        ]
      },
      "/Users/oscars/repaso/mod_2/music_setlist_3000/spec/models/artist_spec.rb": {
        "lines": [
          1,
          null,
          1,
          1,
          2,
          null,
          null,
          1,
          1,
          1,
          1,
          1,
          null,
          1,
          null,
          null,
          1,
          1,
          1,
          1,
          null,
          1,
          null,
          null,
          null
        ]
      },
      "/Users/oscars/repaso/mod_2/music_setlist_3000/app/models/artist.rb": {
        "lines": [
          1,
          1,
          null,
          1,
          5,
          null,
          null,
          1,
          5,
          null,
          null
        ]
      },
      "/Users/oscars/repaso/mod_2/music_setlist_3000/app/models/application_record.rb": {
        "lines": [
          1,
          1,
          null
        ]
      },
      "/Users/oscars/repaso/mod_2/music_setlist_3000/spec/models/song_spec.rb": {
        "lines": [
          1,
          null,
          1,
          2,
          null
        ]
      },
      "/Users/oscars/repaso/mod_2/music_setlist_3000/app/models/song.rb": {
        "lines": [
          1,
          1,
          null
        ]
      },
      "/Users/oscars/repaso/mod_2/music_setlist_3000/app/controllers/artist_songs_controller.rb": {
        "lines": [
          1,
          1,
          4,
          4,
          null,
          null
        ]
      },
      "/Users/oscars/repaso/mod_2/music_setlist_3000/app/controllers/application_controller.rb": {
        "lines": [
          1,
          null
        ]
      },
      "/Users/oscars/repaso/mod_2/music_setlist_3000/app/controllers/songs_controller.rb": {
        "lines": [
          1,
          1,
          0,
          null,
          null,
          1,
          3,
          3,
          null,
          null
        ]
      }
    },
    "timestamp": 1668981452
  }
}
